<?xml version="1.0" encoding="UTF-8"?>
<testng-results ignored="0" total="6" passed="6" failed="0" skipped="0">
  <reporter-output>
  </reporter-output>
  <suite started-at="2021-01-28T07:56:44 HNE" name="Surefire suite" finished-at="2021-01-28T07:56:44 HNE" duration-ms="84">
    <groups>
    </groups>
    <test started-at="2021-01-28T07:56:44 HNE" name="Surefire test" finished-at="2021-01-28T07:56:44 HNE" duration-ms="84">
      <class name="qaclickacademy.AppiumTest">
        <test-method signature="IOSApps()" started-at="2021-01-28T07:56:44 HNE" name="IOSApps" finished-at="2021-01-28T07:56:44 HNE" duration-ms="21" status="PASS">
          <reporter-output>
          </reporter-output>
        </test-method> <!-- IOSApps -->
        <test-method signature="NativeAPpAndroid()" started-at="2021-01-28T07:56:44 HNE" name="NativeAPpAndroid" finished-at="2021-01-28T07:56:44 HNE" duration-ms="21" status="PASS">
          <reporter-output>
          </reporter-output>
        </test-method> <!-- NativeAPpAndroid -->
      </class> <!-- qaclickacademy.AppiumTest -->
      <class name="qaclickacademy.RESTAPITest">
        <test-method signature="deleteTwitter()" started-at="2021-01-28T07:56:44 HNE" name="deleteTwitter" finished-at="2021-01-28T07:56:44 HNE" duration-ms="2" status="PASS">
          <reporter-output>
          </reporter-output>
        </test-method> <!-- deleteTwitter -->
        <test-method signature="postJira()" started-at="2021-01-28T07:56:44 HNE" name="postJira" finished-at="2021-01-28T07:56:44 HNE" duration-ms="2" status="PASS">
          <reporter-output>
          </reporter-output>
        </test-method> <!-- postJira -->
      </class> <!-- qaclickacademy.RESTAPITest -->
      <class name="qaclickacademy.SeleniumTest">
        <test-method signature="BrowserAUtomation()" started-at="2021-01-28T07:56:44 HNE" name="BrowserAUtomation" finished-at="2021-01-28T07:56:44 HNE" duration-ms="2" status="PASS">
          <reporter-output>
          </reporter-output>
        </test-method> <!-- BrowserAUtomation -->
        <test-method signature="elementsUi()" started-at="2021-01-28T07:56:44 HNE" name="elementsUi" finished-at="2021-01-28T07:56:44 HNE" duration-ms="1" status="PASS">
          <reporter-output>
          </reporter-output>
        </test-method> <!-- elementsUi -->
      </class> <!-- qaclickacademy.SeleniumTest -->
    </test> <!-- Surefire test -->
  </suite> <!-- Surefire suite -->
</testng-results>
