<?xml version="1.0" encoding="UTF-8"?>
<!-- Generated by org.testng.reporters.JUnitXMLReporter -->
<testsuite ignored="0" hostname="DESKTOP-0R58R85" failures="0" tests="4" name="Test" time="0.053" errors="0" timestamp="2021-01-28T08:29:46 HNE">
  <testcase classname="qaclickacademy.SeleniumTest" name="BrowserAUtomation" time="0.005"/>
  <testcase classname="qaclickacademy.SeleniumTest" name="elementsUi" time="0.0"/>
  <testcase classname="qaclickacademy.RESTAPITest" name="deleteTwitter" time="0.0"/>
  <testcase classname="qaclickacademy.RESTAPITest" name="postJira" time="0.0"/>
</testsuite> <!-- Test -->
