<?xml version="1.0" encoding="UTF-8"?>
<testng-results ignored="0" total="4" passed="4" failed="0" skipped="0">
  <reporter-output>
  </reporter-output>
  <suite started-at="2021-01-28T08:29:46 HNE" name="Suite" finished-at="2021-01-28T08:29:46 HNE" duration-ms="53">
    <groups>
    </groups>
    <test started-at="2021-01-28T08:29:46 HNE" name="Test" finished-at="2021-01-28T08:29:46 HNE" duration-ms="53">
      <class name="qaclickacademy.RESTAPITest">
        <test-method signature="deleteTwitter()[pri:0, instance:qaclickacademy.RESTAPITest@55740540]" started-at="2021-01-28T08:29:46 HNE" name="deleteTwitter" finished-at="2021-01-28T08:29:46 HNE" duration-ms="0" status="PASS">
          <reporter-output>
          </reporter-output>
        </test-method> <!-- deleteTwitter -->
        <test-method signature="postJira()[pri:0, instance:qaclickacademy.RESTAPITest@55740540]" started-at="2021-01-28T08:29:46 HNE" name="postJira" finished-at="2021-01-28T08:29:46 HNE" duration-ms="0" status="PASS">
          <reporter-output>
          </reporter-output>
        </test-method> <!-- postJira -->
      </class> <!-- qaclickacademy.RESTAPITest -->
      <class name="qaclickacademy.SeleniumTest">
        <test-method signature="BrowserAUtomation()[pri:0, instance:qaclickacademy.SeleniumTest@37f1104d]" started-at="2021-01-28T08:29:46 HNE" name="BrowserAUtomation" finished-at="2021-01-28T08:29:46 HNE" duration-ms="5" status="PASS">
          <reporter-output>
          </reporter-output>
        </test-method> <!-- BrowserAUtomation -->
        <test-method signature="elementsUi()[pri:0, instance:qaclickacademy.SeleniumTest@37f1104d]" started-at="2021-01-28T08:29:46 HNE" name="elementsUi" finished-at="2021-01-28T08:29:46 HNE" duration-ms="0" status="PASS">
          <reporter-output>
          </reporter-output>
        </test-method> <!-- elementsUi -->
      </class> <!-- qaclickacademy.SeleniumTest -->
    </test> <!-- Test -->
  </suite> <!-- Suite -->
</testng-results>
