<?xml version="1.0" encoding="UTF-8"?>
<!-- Generated by org.testng.reporters.JUnitXMLReporter -->
<testsuite ignored="0" hostname="DESKTOP-0R58R85" failures="0" tests="6" name="Surefire test" time="0.084" errors="0" timestamp="2021-01-28T07:56:44 HNE">
  <testcase classname="qaclickacademy.AppiumTest" name="IOSApps on IOSApps(qaclickacademy.AppiumTest)" time="0.021"/>
  <testcase classname="qaclickacademy.AppiumTest" name="NativeAPpAndroid on NativeAPpAndroid(qaclickacademy.AppiumTest)" time="0.021"/>
  <testcase classname="qaclickacademy.RESTAPITest" name="deleteTwitter on deleteTwitter(qaclickacademy.RESTAPITest)" time="0.002"/>
  <testcase classname="qaclickacademy.RESTAPITest" name="postJira on postJira(qaclickacademy.RESTAPITest)" time="0.002"/>
  <testcase classname="qaclickacademy.SeleniumTest" name="BrowserAUtomation on BrowserAUtomation(qaclickacademy.SeleniumTest)" time="0.002"/>
  <testcase classname="qaclickacademy.SeleniumTest" name="elementsUi on elementsUi(qaclickacademy.SeleniumTest)" time="0.001"/>
</testsuite> <!-- Surefire test -->
